0 info it worked if it ends with ok
1 verbose cli [ 'C:\\Program Files\\nodejs\\\\node.exe',
1 verbose cli   'C:\\Program Files\\nodejs\\node_modules\\npm\\bin\\npm-cli.js',
1 verbose cli   'install',
1 verbose cli   'ruby' ]
2 info using npm@2.5.1
3 info using node@v0.12.0
4 verbose node symlink C:\Program Files\nodejs\\node.exe
5 warn package.json gem@0.0.1 No repository field.
6 warn package.json gem@0.0.1 No README data
7 warn package.json bundle@0.2.3 No repository field.
8 warn package.json bundler@0.8.0 No repository field.
9 silly cache add args [ 'ruby', null ]
10 verbose cache add spec ruby
11 silly cache add parsed spec { raw: 'ruby',
11 silly cache add   scope: null,
11 silly cache add   name: 'ruby',
11 silly cache add   rawSpec: '',
11 silly cache add   spec: '*',
11 silly cache add   type: 'range' }
12 verbose addNamed ruby@*
13 silly addNamed semver.valid null
14 silly addNamed semver.validRange *
15 silly addNameRange { name: 'ruby', range: '*', hasData: false }
16 silly mapToRegistry name ruby
17 silly mapToRegistry using default registry
18 silly mapToRegistry registry https://registry.npmjs.org/
19 silly mapToRegistry uri https://registry.npmjs.org/ruby
20 verbose addNameRange registry:https://registry.npmjs.org/ruby not in flight; fetching
21 verbose request uri https://registry.npmjs.org/ruby
22 verbose request no auth needed
23 info attempt registry request try #1 at 18:14:53
24 verbose request id 00ed550f11221838
25 http request GET https://registry.npmjs.org/ruby
26 http 404 https://registry.npmjs.org/ruby
27 verbose headers { date: 'Mon, 23 Feb 2015 17:14:58 GMT',
27 verbose headers   server: 'CouchDB/1.5.0 (Erlang OTP/R16B03)',
27 verbose headers   etag: '"8TT814AHDF9PYDWIJVVRS6I3S"',
27 verbose headers   'content-type': 'application/json',
27 verbose headers   'cache-control': 'max-age=0',
27 verbose headers   'content-length': '410',
27 verbose headers   'accept-ranges': 'bytes',
27 verbose headers   via: '1.1 varnish',
27 verbose headers   age: '0',
27 verbose headers   'x-served-by': 'cache-lhr6320-LHR',
27 verbose headers   'x-cache': 'MISS',
27 verbose headers   'x-cache-hits': '0',
27 verbose headers   'x-timer': 'S1424711698.143635,VS0,VE351',
27 verbose headers   vary: 'Accept',
27 verbose headers   'keep-alive': 'timeout=10, max=50',
27 verbose headers   connection: 'Keep-Alive' }
28 silly get cb [ 404,
28 silly get   { date: 'Mon, 23 Feb 2015 17:14:58 GMT',
28 silly get     server: 'CouchDB/1.5.0 (Erlang OTP/R16B03)',
28 silly get     etag: '"8TT814AHDF9PYDWIJVVRS6I3S"',
28 silly get     'content-type': 'application/json',
28 silly get     'cache-control': 'max-age=0',
28 silly get     'content-length': '410',
28 silly get     'accept-ranges': 'bytes',
28 silly get     via: '1.1 varnish',
28 silly get     age: '0',
28 silly get     'x-served-by': 'cache-lhr6320-LHR',
28 silly get     'x-cache': 'MISS',
28 silly get     'x-cache-hits': '0',
28 silly get     'x-timer': 'S1424711698.143635,VS0,VE351',
28 silly get     vary: 'Accept',
28 silly get     'keep-alive': 'timeout=10, max=50',
28 silly get     connection: 'Keep-Alive' } ]
29 verbose stack Error: Registry returned 404 for GET on https://registry.npmjs.org/ruby
29 verbose stack     at CachingRegistryClient.<anonymous> (C:\Program Files\nodejs\node_modules\npm\node_modules\npm-registry-client\lib\request.js:244:14)
29 verbose stack     at Request._callback (C:\Program Files\nodejs\node_modules\npm\node_modules\npm-registry-client\lib\request.js:178:14)
29 verbose stack     at Request.self.callback (C:\Program Files\nodejs\node_modules\npm\node_modules\request\request.js:344:22)
29 verbose stack     at Request.emit (events.js:110:17)
29 verbose stack     at Request.<anonymous> (C:\Program Files\nodejs\node_modules\npm\node_modules\request\request.js:1239:14)
29 verbose stack     at Request.emit (events.js:129:20)
29 verbose stack     at IncomingMessage.<anonymous> (C:\Program Files\nodejs\node_modules\npm\node_modules\request\request.js:1187:12)
29 verbose stack     at IncomingMessage.emit (events.js:129:20)
29 verbose stack     at _stream_readable.js:908:16
29 verbose stack     at process._tickCallback (node.js:355:11)
30 verbose statusCode 404
31 verbose pkgid ruby
32 verbose cwd C:\Users\DavidPC\Projects\Starter\zeppelin-master
33 error Windows_NT 6.3.9600
34 error argv "C:\\Program Files\\nodejs\\\\node.exe" "C:\\Program Files\\nodejs\\node_modules\\npm\\bin\\npm-cli.js" "install" "ruby"
35 error node v0.12.0
36 error npm  v2.5.1
37 error code E404
38 error 404 Registry returned 404 for GET on https://registry.npmjs.org/ruby
38 error 404
38 error 404 'ruby' is not in the npm registry.
38 error 404 You should bug the author to publish it (or use the name yourself!)
38 error 404
38 error 404 Note that you can also install from a
38 error 404 tarball, folder, http url, or git url.
39 verbose exit [ 1, true ]
